file /gpfs/home/belle2/matrk/B_tautau/run_Bs/reconstruction/site_scons/config.py,line 149:
	Configure(confdir = .sconf_temp)
scons: Configure: Checking for Belle II environment setup...
scons: Configure: (cached) yes

scons: Configure: Checking for analysis setup...
scons: Configure: (cached) yes

scons: Configure: Checking for C++ library pqxx... 
scons: Configure: ".sconf_temp/conftest_87bbdf1acaf8e25627a1bcc29a877cef_0.cpp" is up to date.
scons: Configure: The original builder output was:
  |.sconf_temp/conftest_87bbdf1acaf8e25627a1bcc29a877cef_0.cpp <-
  |  |
  |  |
  |  |#include "pgsql/pg_config.h"
  |  |
  |  |int
  |  |main() {
  |  |  
  |  |return 0;
  |  |}
  |  |
  |
scons: Configure: ".sconf_temp/conftest_87bbdf1acaf8e25627a1bcc29a877cef_0.o" is up to date.
scons: Configure: The original builder output was:
  |*** compiling  : .sconf_temp/conftest_87bbdf1acaf8e25627a1bcc29a877cef_0.cpp
  |
scons: Configure: Building ".sconf_temp/conftest_87bbdf1acaf8e25627a1bcc29a877cef_0_98cbda69ad3b4cb9ff67ba8cb289212a" failed in a previous run and all its sources are up to date.
scons: Configure: The original builder output was:
  |*** linking    : .sconf_temp/conftest_87bbdf1acaf8e25627a1bcc29a877cef_0_98cbda69ad3b4cb9ff67ba8cb289212a
  |
scons: Configure: (cached) no

scons: Configure: Checking for root-config...
scons: Configure: ".sconf_temp/conftest_e70ae7d9115793688c47e98b5ef54a65" is up to date.
scons: Configure: The original builder output was:
  |root-config --version
  |
scons: Configure: (cached) yes

scons: Configure: Checking for TEveViewer() in C++ library Eve... 
scons: Configure: ".sconf_temp/conftest_73ab3620401066c51b99c05c102a56f2_0.cpp" is up to date.
scons: Configure: The original builder output was:
  |.sconf_temp/conftest_73ab3620401066c51b99c05c102a56f2_0.cpp <-
  |  |
  |  |
  |  |#include "TEveViewer.h"
  |  |
  |  |int
  |  |main() {
  |  |  TEveViewer();
  |  |return 0;
  |  |}
  |  |
  |
scons: Configure: ".sconf_temp/conftest_73ab3620401066c51b99c05c102a56f2_0.o" is up to date.
scons: Configure: The original builder output was:
  |*** compiling  : .sconf_temp/conftest_73ab3620401066c51b99c05c102a56f2_0.cpp
  |
scons: Configure: ".sconf_temp/conftest_73ab3620401066c51b99c05c102a56f2_0_3c7196029fdd698262d58c16067b3ad5" is up to date.
scons: Configure: The original builder output was:
  |*** linking    : .sconf_temp/conftest_73ab3620401066c51b99c05c102a56f2_0_3c7196029fdd698262d58c16067b3ad5
  |
scons: Configure: (cached) yes

scons: Configure: Checking for sqlite3_open_v2(":memory:",0,SQLITE_OPEN_READONLY,0) in C library sqlite3... 
scons: Configure: ".sconf_temp/conftest_11a99e6d15fc0647f649f84c2f63c972_0.c" is up to date.
scons: Configure: The original builder output was:
  |.sconf_temp/conftest_11a99e6d15fc0647f649f84c2f63c972_0.c <-
  |  |
  |  |
  |  |#include "sqlite3.h"
  |  |
  |  |int
  |  |main() {
  |  |  sqlite3_open_v2(":memory:",0,SQLITE_OPEN_READONLY,0);
  |  |return 0;
  |  |}
  |  |
  |
scons: Configure: ".sconf_temp/conftest_11a99e6d15fc0647f649f84c2f63c972_0.o" is up to date.
scons: Configure: The original builder output was:
  |*** compiling  : .sconf_temp/conftest_11a99e6d15fc0647f649f84c2f63c972_0.c
  |
scons: Configure: ".sconf_temp/conftest_11a99e6d15fc0647f649f84c2f63c972_0_6a51ef15010c8861440ff6c6d4a9083c" is up to date.
scons: Configure: The original builder output was:
  |*** linking    : .sconf_temp/conftest_11a99e6d15fc0647f649f84c2f63c972_0_6a51ef15010c8861440ff6c6d4a9083c
  |
scons: Configure: (cached) yes

scons: Configure: Checking for C header file valgrind/callgrind.h... 
scons: Configure: ".sconf_temp/conftest_0485f77de03f5b9916c4282c891f8342_0.c" is up to date.
scons: Configure: The original builder output was:
  |.sconf_temp/conftest_0485f77de03f5b9916c4282c891f8342_0.c <-
  |  |
  |  |#include <valgrind/callgrind.h>
  |  |
  |  |
  |
scons: Configure: ".sconf_temp/conftest_0485f77de03f5b9916c4282c891f8342_0_b238d87395fc5cdcc14a94b9ae5d2c1e.o" is up to date.
scons: Configure: The original builder output was:
  |*** compiling  : .sconf_temp/conftest_0485f77de03f5b9916c4282c891f8342_0.c
  |
scons: Configure: (cached) yes

scons: Configure: Checking for C++ header file omp.h... 
scons: Configure: ".sconf_temp/conftest_a8bbfcb233f68d5bcc06dbec20bda605_0.cpp" is up to date.
scons: Configure: The original builder output was:
  |.sconf_temp/conftest_a8bbfcb233f68d5bcc06dbec20bda605_0.cpp <-
  |  |
  |  |#include <omp.h>
  |  |
  |  |
  |
scons: Configure: ".sconf_temp/conftest_a8bbfcb233f68d5bcc06dbec20bda605_0_de6a8c80f99793746bbb689c39182211.o" is up to date.
scons: Configure: The original builder output was:
  |*** compiling  : .sconf_temp/conftest_a8bbfcb233f68d5bcc06dbec20bda605_0.cpp
  |
scons: Configure: (cached) yes

scons: Configure: Checking whether dot program exists...
scons: Configure: /usr/bin/dot


